[1114/002934.947:ERROR:process_memory_win.cc(73)] ReadMemory at 0x162821e0000 of 64 bytes failed: Only part of a ReadProcessMemory or WriteProcessMemory request was completed. (0x12B)
[1114/002934.948:WARNING:pe_image_reader.cc(340)] could not read dos header from C:\Windows\System32\SHELL32.dll
[1114/002934.948:ERROR:process_memory_win.cc(73)] ReadMemory at 0x162821e0000 of 64 bytes failed: Only part of a ReadProcessMemory or WriteProcessMemory request was completed. (0x12B)
[1114/002934.948:WARNING:pe_image_reader.cc(340)] could not read dos header from C:\Windows\System32\SHELL32.dll
[1114/002935.029:ERROR:process_memory_win.cc(73)] ReadMemory at 0x7ff6a0a60000 of 64 bytes failed: Only part of a ReadProcessMemory or WriteProcessMemory request was completed. (0x12B)
[1114/002935.031:WARNING:pe_image_reader.cc(340)] could not read dos header from C:\Program Files (x86)\Google\Chrome\Application\chrome.exe
[1114/002935.031:ERROR:process_memory_win.cc(73)] ReadMemory at 0x7ff8bb2f0000 of 64 bytes failed: Only part of a ReadProcessMemory or WriteProcessMemory request was completed. (0x12B)
[1114/002935.031:WARNING:pe_image_reader.cc(340)] could not read dos header from C:\Windows\SYSTEM32\ntdll.dll
[1114/002935.031:ERROR:process_memory_win.cc(73)] ReadMemory at 0x7ff8b97a0000 of 64 bytes failed: Only part of a ReadProcessMemory or WriteProcessMemory request was completed. (0x12B)
[1114/002935.031:WARNING:pe_image_reader.cc(340)] could not read dos header from C:\Windows\System32\KERNEL32.DLL
[1114/002935.031:ERROR:process_memory_win.cc(73)] ReadMemory at 0x7ff8b77c0000 of 64 bytes failed: Only part of a ReadProcessMemory or WriteProcessMemory request was completed. (0x12B)
[1114/002935.031:WARNING:pe_image_reader.cc(340)] could not read dos header from C:\Windows\System32\KERNELBASE.dll
[1114/002935.031:ERROR:process_memory_win.cc(73)] ReadMemory at 0x7ff89ed90000 of 64 bytes failed: Only part of a ReadProcessMemory or WriteProcessMemory request was completed. (0x12B)
[1114/002935.031:WARNING:pe_image_reader.cc(340)] could not read dos header from C:\Program Files (x86)\Google\Chrome\Application\77.0.3865.120\chrome_elf.dll
[1114/002935.031:ERROR:process_memory_win.cc(73)] ReadMemory at 0x7ff8a8c50000 of 64 bytes failed: Only part of a ReadProcessMemory or WriteProcessMemory request was completed. (0x12B)
[1114/002935.031:WARNING:pe_image_reader.cc(340)] could not read dos header from C:\Windows\SYSTEM32\VERSION.dll
[1114/002935.032:ERROR:process_memory_win.cc(73)] ReadMemory at 0x7ff8b9570000 of 64 bytes failed: Only part of a ReadProcessMemory or WriteProcessMemory request was completed. (0x12B)
[1114/002935.032:WARNING:pe_image_reader.cc(340)] could not read dos header from C:\Windows\System32\msvcrt.dll
[1114/002935.032:ERROR:process_memory_win.cc(73)] ReadMemory at 0x7ff8b73b0000 of 64 bytes failed: Only part of a ReadProcessMemory or WriteProcessMemory request was completed. (0x12B)
[1114/002935.032:WARNING:pe_image_reader.cc(340)] could not read dos header from C:\Windows\System32\bcryptPrimitives.dll
[1114/002935.032:ERROR:process_memory_win.cc(73)] ReadMemory at 0x7ff8b8910000 of 64 bytes failed: Only part of a ReadProcessMemory or WriteProcessMemory request was completed. (0x12B)
[1114/002935.032:WARNING:pe_image_reader.cc(340)] could not read dos header from C:\Windows\System32\ADVAPI32.dll
[1114/002935.032:ERROR:process_memory_win.cc(73)] ReadMemory at 0x7ff8bad60000 of 64 bytes failed: Only part of a ReadProcessMemory or WriteProcessMemory request was completed. (0x12B)
[1114/002935.032:WARNING:pe_image_reader.cc(340)] could not read dos header from C:\Windows\System32\sechost.dll
[1114/002935.032:ERROR:process_memory_win.cc(73)] ReadMemory at 0x7ff8bb190000 of 64 bytes failed: Only part of a ReadProcessMemory or WriteProcessMemory request was completed. (0x12B)
[1114/002935.032:WARNING:pe_image_reader.cc(340)] could not read dos header from C:\Windows\System32\RPCRT4.dll
[1114/002935.032:ERROR:process_memory_win.cc(73)] ReadMemory at 0x7ff861240000 of 64 bytes failed: Only part of a ReadProcessMemory or WriteProcessMemory request was completed. (0x12B)
[1114/002935.032:WARNING:pe_image_reader.cc(340)] could not read dos header from C:\Program Files (x86)\Google\Chrome\Application\77.0.3865.120\chrome_child.dll
[1114/002935.032:ERROR:process_memory_win.cc(73)] ReadMemory at 0x7ff8b9310000 of 64 bytes failed: Only part of a ReadProcessMemory or WriteProcessMemory request was completed. (0x12B)
[1114/002935.032:WARNING:pe_image_reader.cc(340)] could not read dos header from C:\Windows\System32\OLEAUT32.dll
[1114/002935.032:ERROR:process_memory_win.cc(73)] ReadMemory at 0x7ff8b7d00000 of 64 bytes failed: Only part of a ReadProcessMemory or WriteProcessMemory request was completed. (0x12B)
[1114/002935.032:WARNING:pe_image_reader.cc(340)] could not read dos header from C:\Windows\System32\msvcp_win.dll
[1114/002935.032:ERROR:process_memory_win.cc(73)] ReadMemory at 0x7ff8b7490000 of 64 bytes failed: Only part of a ReadProcessMemory or WriteProcessMemory request was completed. (0x12B)
[1114/002935.032:WARNING:pe_image_reader.cc(340)] could not read dos header from C:\Windows\System32\ucrtbase.dll
[1114/002935.032:ERROR:process_memory_win.cc(73)] ReadMemory at 0x7ff8b8a20000 of 64 bytes failed: Only part of a ReadProcessMemory or WriteProcessMemory request was completed. (0x12B)
[1114/002935.032:WARNING:pe_image_reader.cc(340)] could not read dos header from C:\Windows\System32\combase.dll
[1114/002935.032:ERROR:process_memory_win.cc(73)] ReadMemory at 0x7ff8bafb0000 of 64 bytes failed: Only part of a ReadProcessMemory or WriteProcessMemory request was completed. (0x12B)
[1114/002935.032:WARNING:pe_image_reader.cc(340)] could not read dos header from C:\Windows\System32\WS2_32.dll
[1114/002935.033:ERROR:process_memory_win.cc(73)] ReadMemory at 0x7ff8b8d50000 of 64 bytes failed: Only part of a ReadProcessMemory or WriteProcessMemory request was completed. (0x12B)
[1114/002935.033:WARNING:pe_image_reader.cc(340)] could not read dos header from C:\Windows\System32\GDI32.dll
[1114/002935.033:ERROR:process_memory_win.cc(73)] ReadMemory at 0x7ff8b7a60000 of 64 bytes failed: Only part of a ReadProcessMemory or WriteProcessMemory request was completed. (0x12B)
[1114/002935.033:WARNING:pe_image_reader.cc(340)] could not read dos header from C:\Windows\System32\gdi32full.dll
[1114/002935.033:ERROR:process_memory_win.cc(73)] ReadMemory at 0x7ff8b8590000 of 64 bytes failed: Only part of a ReadProcessMemory or WriteProcessMemory request was completed. (0x12B)
[1114/002935.033:WARNING:pe_image_reader.cc(340)] could not read dos header from C:\Windows\System32\USER32.dll
[1114/002935.033:ERROR:process_memory_win.cc(73)] ReadMemory at 0x7ff8b7da0000 of 64 bytes failed: Only part of a ReadProcessMemory or WriteProcessMemory request was completed. (0x12B)
[1114/002935.033:WARNING:pe_image_reader.cc(340)] could not read dos header from C:\Windows\System32\win32u.dll
[1114/002935.033:ERROR:process_memory_win.cc(73)] ReadMemory at 0x7ff8b7430000 of 64 bytes failed: Only part of a ReadProcessMemory or WriteProcessMemory request was completed. (0x12B)
[1114/002935.033:WARNING:pe_image_reader.cc(340)] could not read dos header from C:\Windows\System32\WINTRUST.dll
[1114/002935.033:ERROR:process_memory_win.cc(73)] ReadMemory at 0x7ff8b7390000 of 64 bytes failed: Only part of a ReadProcessMemory or WriteProcessMemory request was completed. (0x12B)
[1114/002935.033:WARNING:pe_image_reader.cc(340)] could not read dos header from C:\Windows\System32\MSASN1.dll
[1114/002935.033:ERROR:process_memory_win.cc(73)] ReadMemory at 0x7ff8b75c0000 of 64 bytes failed: Only part of a ReadProcessMemory or WriteProcessMemory request was completed. (0x12B)
[1114/002935.033:WARNING:pe_image_reader.cc(340)] could not read dos header from C:\Windows\System32\CRYPT32.dll
[1114/002935.033:ERROR:process_memory_win.cc(73)] ReadMemory at 0x7ff8b6870000 of 64 bytes failed: Only part of a ReadProcessMemory or WriteProcessMemory request was completed. (0x12B)
[1114/002935.033:WARNING:pe_image_reader.cc(340)] could not read dos header from C:\Windows\SYSTEM32\IPHLPAPI.DLL
[1114/002935.033:ERROR:process_memory_win.cc(73)] ReadMemory at 0x7ff8b3170000 of 64 bytes failed: Only part of a ReadProcessMemory or WriteProcessMemory request was completed. (0x12B)
[1114/002935.033:WARNING:pe_image_reader.cc(340)] could not read dos header from C:\Windows\SYSTEM32\WINMM.dll
[1114/002935.033:ERROR:process_memory_win.cc(73)] ReadMemory at 0x7ff8b71e0000 of 64 bytes failed: Only part of a ReadProcessMemory or WriteProcessMemory request was completed. (0x12B)
[1114/002935.033:WARNING:pe_image_reader.cc(340)] could not read dos header from C:\Windows\SYSTEM32\USERENV.dll
[1114/002935.033:ERROR:process_memory_win.cc(73)] ReadMemory at 0x7ff8b7340000 of 64 bytes failed: Only part of a ReadProcessMemory or WriteProcessMemory request was completed. (0x12B)
[1114/002935.034:WARNING:pe_image_reader.cc(340)] could not read dos header from C:\Windows\System32\profapi.dll
[1114/002935.034:ERROR:process_memory_win.cc(73)] ReadMemory at 0x7ff8a86b0000 of 64 bytes failed: Only part of a ReadProcessMemory or WriteProcessMemory request was completed. (0x12B)
[1114/002935.034:WARNING:pe_image_reader.cc(340)] could not read dos header from C:\Windows\SYSTEM32\DWrite.dll
[1114/002935.034:ERROR:process_memory_win.cc(73)] ReadMemory at 0x7ff8acdf0000 of 64 bytes failed: Only part of a ReadProcessMemory or WriteProcessMemory request was completed. (0x12B)
[1114/002935.034:WARNING:pe_image_reader.cc(340)] could not read dos header from C:\Windows\SYSTEM32\WINSPOOL.DRV
[1114/002935.034:ERROR:process_memory_win.cc(73)] ReadMemory at 0x7ff8b7370000 of 64 bytes failed: Only part of a ReadProcessMemory or WriteProcessMemory request was completed. (0x12B)
[1114/002935.034:WARNING:pe_image_reader.cc(340)] could not read dos header from C:\Windows\System32\kernel.appcore.dll
[1114/002935.034:ERROR:process_memory_win.cc(73)] ReadMemory at 0x7ff8b7590000 of 64 bytes failed: Only part of a ReadProcessMemory or WriteProcessMemory request was completed. (0x12B)
[1114/002935.034:WARNING:pe_image_reader.cc(340)] could not read dos header from C:\Windows\System32\bcrypt.dll
[1114/002935.034:ERROR:process_memory_win.cc(73)] ReadMemory at 0x7ff8a30a0000 of 64 bytes failed: Only part of a ReadProcessMemory or WriteProcessMemory request was completed. (0x12B)
[1114/002935.034:WARNING:pe_image_reader.cc(340)] could not read dos header from C:\Windows\SYSTEM32\dbghelp.dll
[1114/002935.034:ERROR:process_memory_win.cc(73)] ReadMemory at 0x7ff8b10c0000 of 64 bytes failed: Only part of a ReadProcessMemory or WriteProcessMemory request was completed. (0x12B)
[1114/002935.034:WARNING:pe_image_reader.cc(340)] could not read dos header from C:\Windows\SYSTEM32\WINHTTP.dll
[1114/002935.034:ERROR:process_memory_win.cc(73)] ReadMemory at 0x7ff8a8c10000 of 64 bytes failed: Only part of a ReadProcessMemory or WriteProcessMemory request was completed. (0x12B)
[1114/002935.034:WARNING:pe_image_reader.cc(340)] could not read dos header from C:\Windows\SYSTEM32\Secur32.dll
[1114/002935.034:ERROR:process_memory_win.cc(73)] ReadMemory at 0x7ff8b0fd0000 of 64 bytes failed: Only part of a ReadProcessMemory or WriteProcessMemory request was completed. (0x12B)
[1114/002935.034:WARNING:pe_image_reader.cc(340)] could not read dos header from C:\Windows\SYSTEM32\dhcpcsvc.DLL
[1114/002935.034:ERROR:process_memory_win.cc(73)] ReadMemory at 0x7ff8b8e40000 of 64 bytes failed: Only part of a ReadProcessMemory or WriteProcessMemory request was completed. (0x12B)
[1114/002935.034:WARNING:pe_image_reader.cc(340)] could not read dos header from C:\Windows\System32\NSI.dll
[1114/002935.034:ERROR:process_memory_win.cc(73)] ReadMemory at 0x7ff8b2f80000 of 64 bytes failed: Only part of a ReadProcessMemory or WriteProcessMemory request was completed. (0x12B)
[1114/002935.034:WARNING:pe_image_reader.cc(340)] could not read dos header from C:\Windows\SYSTEM32\WINMMBASE.dll
[1114/002935.035:ERROR:process_memory_win.cc(73)] ReadMemory at 0x7ff8b7c00000 of 64 bytes failed: Only part of a ReadProcessMemory or WriteProcessMemory request was completed. (0x12B)
[1114/002935.035:WARNING:pe_image_reader.cc(340)] could not read dos header from C:\Windows\System32\cfgmgr32.dll
[1114/002935.035:ERROR:process_memory_win.cc(73)] ReadMemory at 0x7ff8b2700000 of 64 bytes failed: Only part of a ReadProcessMemory or WriteProcessMemory request was completed. (0x12B)
[1114/002935.035:WARNING:pe_image_reader.cc(340)] could not read dos header from C:\Windows\SYSTEM32\PROPSYS.dll
[1114/002935.035:ERROR:process_memory_win.cc(73)] ReadMemory at 0x7ff8b8860000 of 64 bytes failed: Only part of a ReadProcessMemory or WriteProcessMemory request was completed. (0x12B)
[1114/002935.035:WARNING:pe_image_reader.cc(340)] could not read dos header from C:\Windows\System32\shcore.dll
[1114/002935.035:ERROR:process_memory_win.cc(73)] ReadMemory at 0x7ff8b7210000 of 64 bytes failed: Only part of a ReadProcessMemory or WriteProcessMemory request was completed. (0x12B)
[1114/002935.035:WARNING:pe_image_reader.cc(340)] could not read dos header from C:\Windows\SYSTEM32\SSPICLI.DLL
[1114/002935.035:ERROR:process_memory_win.cc(73)] ReadMemory at 0x7ff8b8e60000 of 64 bytes failed: Only part of a ReadProcessMemory or WriteProcessMemory request was completed. (0x12B)
[1114/002935.035:WARNING:pe_image_reader.cc(340)] could not read dos header from C:\Windows\System32\IMM32.DLL
[1114/002935.035:ERROR:process_memory_win.cc(73)] ReadMemory at 0x162821e0000 of 64 bytes failed: Only part of a ReadProcessMemory or WriteProcessMemory request was completed. (0x12B)
[1114/002935.035:WARNING:pe_image_reader.cc(340)] could not read dos header from C:\Windows\System32\SHELL32.dll
[1114/002935.035:ERROR:process_memory_win.cc(73)] ReadMemory at 0x7ff8b7dc0000 of 64 bytes failed: Only part of a ReadProcessMemory or WriteProcessMemory request was completed. (0x12B)
[1114/002935.035:WARNING:pe_image_reader.cc(340)] could not read dos header from C:\Windows\System32\windows.storage.dll
[1114/002935.036:ERROR:process_memory_win.cc(73)] ReadMemory at 0x7ff8b72e0000 of 64 bytes failed: Only part of a ReadProcessMemory or WriteProcessMemory request was completed. (0x12B)
[1114/002935.036:WARNING:pe_image_reader.cc(340)] could not read dos header from C:\Windows\System32\powrprof.dll
[1114/002935.036:ERROR:process_memory_win.cc(73)] ReadMemory at 0x7ff8b9610000 of 64 bytes failed: Only part of a ReadProcessMemory or WriteProcessMemory request was completed. (0x12B)
[1114/002935.036:WARNING:pe_image_reader.cc(340)] could not read dos header from C:\Windows\System32\shlwapi.dll
[1114/002935.036:ERROR:process_memory_win.cc(73)] ReadMemory at 0x7ff8b77a0000 of 64 bytes failed: Only part of a ReadProcessMemory or WriteProcessMemory request was completed. (0x12B)
[1114/002935.036:WARNING:pe_image_reader.cc(340)] could not read dos header from C:\Windows\System32\cryptsp.dll
[1114/002935.036:ERROR:process_memory_win.cc(73)] ReadMemory at 0x7ff8b6d20000 of 64 bytes failed: Only part of a ReadProcessMemory or WriteProcessMemory request was completed. (0x12B)
[1114/002935.036:WARNING:pe_image_reader.cc(340)] could not read dos header from C:\Windows\SYSTEM32\CRYPTBASE.DLL
[1114/002935.036:ERROR:process_memory_win.cc(73)] ReadMemory at 0x7ff6a0a60000 of 64 bytes failed: Only part of a ReadProcessMemory or WriteProcessMemory request was completed. (0x12B)
[1114/002935.036:WARNING:pe_image_reader.cc(340)] could not read dos header from C:\Program Files (x86)\Google\Chrome\Application\chrome.exe
[1114/002935.036:ERROR:process_memory_win.cc(73)] ReadMemory at 0x7ff8bb2f0000 of 64 bytes failed: Only part of a ReadProcessMemory or WriteProcessMemory request was completed. (0x12B)
[1114/002935.036:WARNING:pe_image_reader.cc(340)] could not read dos header from C:\Windows\SYSTEM32\ntdll.dll
[1114/002935.036:ERROR:process_memory_win.cc(73)] ReadMemory at 0x7ff8b97a0000 of 64 bytes failed: Only part of a ReadProcessMemory or WriteProcessMemory request was completed. (0x12B)
[1114/002935.037:WARNING:pe_image_reader.cc(340)] could not read dos header from C:\Windows\System32\KERNEL32.DLL
[1114/002935.037:ERROR:process_memory_win.cc(73)] ReadMemory at 0x7ff8b77c0000 of 64 bytes failed: Only part of a ReadProcessMemory or WriteProcessMemory request was completed. (0x12B)
[1114/002935.037:WARNING:pe_image_reader.cc(340)] could not read dos header from C:\Windows\System32\KERNELBASE.dll
[1114/002935.037:ERROR:process_memory_win.cc(73)] ReadMemory at 0x7ff89ed90000 of 64 bytes failed: Only part of a ReadProcessMemory or WriteProcessMemory request was completed. (0x12B)
[1114/002935.037:WARNING:pe_image_reader.cc(340)] could not read dos header from C:\Program Files (x86)\Google\Chrome\Application\77.0.3865.120\chrome_elf.dll
[1114/002935.037:ERROR:process_memory_win.cc(73)] ReadMemory at 0x7ff8a8c50000 of 64 bytes failed: Only part of a ReadProcessMemory or WriteProcessMemory request was completed. (0x12B)
[1114/002935.037:WARNING:pe_image_reader.cc(340)] could not read dos header from C:\Windows\SYSTEM32\VERSION.dll
[1114/002935.037:ERROR:process_memory_win.cc(73)] ReadMemory at 0x7ff8b9570000 of 64 bytes failed: Only part of a ReadProcessMemory or WriteProcessMemory request was completed. (0x12B)
[1114/002935.037:WARNING:pe_image_reader.cc(340)] could not read dos header from C:\Windows\System32\msvcrt.dll
[1114/002935.037:ERROR:process_memory_win.cc(73)] ReadMemory at 0x7ff8b73b0000 of 64 bytes failed: Only part of a ReadProcessMemory or WriteProcessMemory request was completed. (0x12B)
[1114/002935.037:WARNING:pe_image_reader.cc(340)] could not read dos header from C:\Windows\System32\bcryptPrimitives.dll
[1114/002935.037:ERROR:process_memory_win.cc(73)] ReadMemory at 0x7ff8b8910000 of 64 bytes failed: Only part of a ReadProcessMemory or WriteProcessMemory request was completed. (0x12B)
[1114/002935.037:WARNING:pe_image_reader.cc(340)] could not read dos header from C:\Windows\System32\ADVAPI32.dll
[1114/002935.037:ERROR:process_memory_win.cc(73)] ReadMemory at 0x7ff8bad60000 of 64 bytes failed: Only part of a ReadProcessMemory or WriteProcessMemory request was completed. (0x12B)
[1114/002935.037:WARNING:pe_image_reader.cc(340)] could not read dos header from C:\Windows\System32\sechost.dll
[1114/002935.037:ERROR:process_memory_win.cc(73)] ReadMemory at 0x7ff8bb190000 of 64 bytes failed: Only part of a ReadProcessMemory or WriteProcessMemory request was completed. (0x12B)
[1114/002935.038:WARNING:pe_image_reader.cc(340)] could not read dos header from C:\Windows\System32\RPCRT4.dll
[1114/002935.038:ERROR:process_memory_win.cc(73)] ReadMemory at 0x7ff861240000 of 64 bytes failed: Only part of a ReadProcessMemory or WriteProcessMemory request was completed. (0x12B)
[1114/002935.038:WARNING:pe_image_reader.cc(340)] could not read dos header from C:\Program Files (x86)\Google\Chrome\Application\77.0.3865.120\chrome_child.dll
[1114/002935.038:ERROR:process_memory_win.cc(73)] ReadMemory at 0x7ff8b9310000 of 64 bytes failed: Only part of a ReadProcessMemory or WriteProcessMemory request was completed. (0x12B)
[1114/002935.038:WARNING:pe_image_reader.cc(340)] could not read dos header from C:\Windows\System32\OLEAUT32.dll
[1114/002935.038:ERROR:process_memory_win.cc(73)] ReadMemory at 0x7ff8b7d00000 of 64 bytes failed: Only part of a ReadProcessMemory or WriteProcessMemory request was completed. (0x12B)
[1114/002935.038:WARNING:pe_image_reader.cc(340)] could not read dos header from C:\Windows\System32\msvcp_win.dll
[1114/002935.038:ERROR:process_memory_win.cc(73)] ReadMemory at 0x7ff8b7490000 of 64 bytes failed: Only part of a ReadProcessMemory or WriteProcessMemory request was completed. (0x12B)
[1114/002935.038:WARNING:pe_image_reader.cc(340)] could not read dos header from C:\Windows\System32\ucrtbase.dll
[1114/002935.038:ERROR:process_memory_win.cc(73)] ReadMemory at 0x7ff8b8a20000 of 64 bytes failed: Only part of a ReadProcessMemory or WriteProcessMemory request was completed. (0x12B)
[1114/002935.038:WARNING:pe_image_reader.cc(340)] could not read dos header from C:\Windows\System32\combase.dll
[1114/002935.038:ERROR:process_memory_win.cc(73)] ReadMemory at 0x7ff8bafb0000 of 64 bytes failed: Only part of a ReadProcessMemory or WriteProcessMemory request was completed. (0x12B)
[1114/002935.038:WARNING:pe_image_reader.cc(340)] could not read dos header from C:\Windows\System32\WS2_32.dll
[1114/002935.038:ERROR:process_memory_win.cc(73)] ReadMemory at 0x7ff8b8d50000 of 64 bytes failed: Only part of a ReadProcessMemory or WriteProcessMemory request was completed. (0x12B)
[1114/002935.038:WARNING:pe_image_reader.cc(340)] could not read dos header from C:\Windows\System32\GDI32.dll
[1114/002935.038:ERROR:process_memory_win.cc(73)] ReadMemory at 0x7ff8b7a60000 of 64 bytes failed: Only part of a ReadProcessMemory or WriteProcessMemory request was completed. (0x12B)
[1114/002935.038:WARNING:pe_image_reader.cc(340)] could not read dos header from C:\Windows\System32\gdi32full.dll
[1114/002935.038:ERROR:process_memory_win.cc(73)] ReadMemory at 0x7ff8b8590000 of 64 bytes failed: Only part of a ReadProcessMemory or WriteProcessMemory request was completed. (0x12B)
[1114/002935.038:WARNING:pe_image_reader.cc(340)] could not read dos header from C:\Windows\System32\USER32.dll
[1114/002935.038:ERROR:process_memory_win.cc(73)] ReadMemory at 0x7ff8b7da0000 of 64 bytes failed: Only part of a ReadProcessMemory or WriteProcessMemory request was completed. (0x12B)
[1114/002935.038:WARNING:pe_image_reader.cc(340)] could not read dos header from C:\Windows\System32\win32u.dll
[1114/002935.039:ERROR:process_memory_win.cc(73)] ReadMemory at 0x7ff8b7430000 of 64 bytes failed: Only part of a ReadProcessMemory or WriteProcessMemory request was completed. (0x12B)
[1114/002935.039:WARNING:pe_image_reader.cc(340)] could not read dos header from C:\Windows\System32\WINTRUST.dll
[1114/002935.039:ERROR:process_memory_win.cc(73)] ReadMemory at 0x7ff8b7390000 of 64 bytes failed: Only part of a ReadProcessMemory or WriteProcessMemory request was completed. (0x12B)
[1114/002935.039:WARNING:pe_image_reader.cc(340)] could not read dos header from C:\Windows\System32\MSASN1.dll
[1114/002935.039:ERROR:process_memory_win.cc(73)] ReadMemory at 0x7ff8b75c0000 of 64 bytes failed: Only part of a ReadProcessMemory or WriteProcessMemory request was completed. (0x12B)
[1114/002935.039:WARNING:pe_image_reader.cc(340)] could not read dos header from C:\Windows\System32\CRYPT32.dll
[1114/002935.039:ERROR:process_memory_win.cc(73)] ReadMemory at 0x7ff8b6870000 of 64 bytes failed: Only part of a ReadProcessMemory or WriteProcessMemory request was completed. (0x12B)
[1114/002935.039:WARNING:pe_image_reader.cc(340)] could not read dos header from C:\Windows\SYSTEM32\IPHLPAPI.DLL
[1114/002935.039:ERROR:process_memory_win.cc(73)] ReadMemory at 0x7ff8b3170000 of 64 bytes failed: Only part of a ReadProcessMemory or WriteProcessMemory request was completed. (0x12B)
[1114/002935.039:WARNING:pe_image_reader.cc(340)] could not read dos header from C:\Windows\SYSTEM32\WINMM.dll
[1114/002935.039:ERROR:process_memory_win.cc(73)] ReadMemory at 0x7ff8b71e0000 of 64 bytes failed: Only part of a ReadProcessMemory or WriteProcessMemory request was completed. (0x12B)
[1114/002935.039:WARNING:pe_image_reader.cc(340)] could not read dos header from C:\Windows\SYSTEM32\USERENV.dll
[1114/002935.039:ERROR:process_memory_win.cc(73)] ReadMemory at 0x7ff8b7340000 of 64 bytes failed: Only part of a ReadProcessMemory or WriteProcessMemory request was completed. (0x12B)
[1114/002935.039:WARNING:pe_image_reader.cc(340)] could not read dos header from C:\Windows\System32\profapi.dll
[1114/002935.039:ERROR:process_memory_win.cc(73)] ReadMemory at 0x7ff8a86b0000 of 64 bytes failed: Only part of a ReadProcessMemory or WriteProcessMemory request was completed. (0x12B)
[1114/002935.040:WARNING:pe_image_reader.cc(340)] could not read dos header from C:\Windows\SYSTEM32\DWrite.dll
[1114/002935.040:ERROR:process_memory_win.cc(73)] ReadMemory at 0x7ff8acdf0000 of 64 bytes failed: Only part of a ReadProcessMemory or WriteProcessMemory request was completed. (0x12B)
[1114/002935.040:WARNING:pe_image_reader.cc(340)] could not read dos header from C:\Windows\SYSTEM32\WINSPOOL.DRV
[1114/002935.040:ERROR:process_memory_win.cc(73)] ReadMemory at 0x7ff8b7370000 of 64 bytes failed: Only part of a ReadProcessMemory or WriteProcessMemory request was completed. (0x12B)
[1114/002935.040:WARNING:pe_image_reader.cc(340)] could not read dos header from C:\Windows\System32\kernel.appcore.dll
[1114/002935.040:ERROR:process_memory_win.cc(73)] ReadMemory at 0x7ff8b7590000 of 64 bytes failed: Only part of a ReadProcessMemory or WriteProcessMemory request was completed. (0x12B)
[1114/002935.040:WARNING:pe_image_reader.cc(340)] could not read dos header from C:\Windows\System32\bcrypt.dll
[1114/002935.040:ERROR:process_memory_win.cc(73)] ReadMemory at 0x7ff8a30a0000 of 64 bytes failed: Only part of a ReadProcessMemory or WriteProcessMemory request was completed. (0x12B)
[1114/002935.040:WARNING:pe_image_reader.cc(340)] could not read dos header from C:\Windows\SYSTEM32\dbghelp.dll
[1114/002935.040:ERROR:process_memory_win.cc(73)] ReadMemory at 0x7ff8b10c0000 of 64 bytes failed: Only part of a ReadProcessMemory or WriteProcessMemory request was completed. (0x12B)
[1114/002935.040:WARNING:pe_image_reader.cc(340)] could not read dos header from C:\Windows\SYSTEM32\WINHTTP.dll
[1114/002935.040:ERROR:process_memory_win.cc(73)] ReadMemory at 0x7ff8a8c10000 of 64 bytes failed: Only part of a ReadProcessMemory or WriteProcessMemory request was completed. (0x12B)
[1114/002935.040:WARNING:pe_image_reader.cc(340)] could not read dos header from C:\Windows\SYSTEM32\Secur32.dll
[1114/002935.040:ERROR:process_memory_win.cc(73)] ReadMemory at 0x7ff8b0fd0000 of 64 bytes failed: Only part of a ReadProcessMemory or WriteProcessMemory request was completed. (0x12B)
[1114/002935.040:WARNING:pe_image_reader.cc(340)] could not read dos header from C:\Windows\SYSTEM32\dhcpcsvc.DLL
[1114/002935.040:ERROR:process_memory_win.cc(73)] ReadMemory at 0x7ff8b8e40000 of 64 bytes failed: Only part of a ReadProcessMemory or WriteProcessMemory request was completed. (0x12B)
[1114/002935.040:WARNING:pe_image_reader.cc(340)] could not read dos header from C:\Windows\System32\NSI.dll
[1114/002935.041:ERROR:process_memory_win.cc(73)] ReadMemory at 0x7ff8b2f80000 of 64 bytes failed: Only part of a ReadProcessMemory or WriteProcessMemory request was completed. (0x12B)
[1114/002935.041:WARNING:pe_image_reader.cc(340)] could not read dos header from C:\Windows\SYSTEM32\WINMMBASE.dll
[1114/002935.041:ERROR:process_memory_win.cc(73)] ReadMemory at 0x7ff8b7c00000 of 64 bytes failed: Only part of a ReadProcessMemory or WriteProcessMemory request was completed. (0x12B)
[1114/002935.041:WARNING:pe_image_reader.cc(340)] could not read dos header from C:\Windows\System32\cfgmgr32.dll
[1114/002935.041:ERROR:process_memory_win.cc(73)] ReadMemory at 0x7ff8b2700000 of 64 bytes failed: Only part of a ReadProcessMemory or WriteProcessMemory request was completed. (0x12B)
[1114/002935.041:WARNING:pe_image_reader.cc(340)] could not read dos header from C:\Windows\SYSTEM32\PROPSYS.dll
[1114/002935.041:ERROR:process_memory_win.cc(73)] ReadMemory at 0x7ff8b8860000 of 64 bytes failed: Only part of a ReadProcessMemory or WriteProcessMemory request was completed. (0x12B)
[1114/002935.041:WARNING:pe_image_reader.cc(340)] could not read dos header from C:\Windows\System32\shcore.dll
[1114/002935.041:ERROR:process_memory_win.cc(73)] ReadMemory at 0x7ff8b7210000 of 64 bytes failed: Only part of a ReadProcessMemory or WriteProcessMemory request was completed. (0x12B)
[1114/002935.041:WARNING:pe_image_reader.cc(340)] could not read dos header from C:\Windows\SYSTEM32\SSPICLI.DLL
[1114/002935.041:ERROR:process_memory_win.cc(73)] ReadMemory at 0x7ff8b8e60000 of 64 bytes failed: Only part of a ReadProcessMemory or WriteProcessMemory request was completed. (0x12B)
[1114/002935.041:WARNING:pe_image_reader.cc(340)] could not read dos header from C:\Windows\System32\IMM32.DLL
[1114/002935.041:ERROR:process_memory_win.cc(73)] ReadMemory at 0x162821e0000 of 64 bytes failed: Only part of a ReadProcessMemory or WriteProcessMemory request was completed. (0x12B)
[1114/002935.041:WARNING:pe_image_reader.cc(340)] could not read dos header from C:\Windows\System32\SHELL32.dll
[1114/002935.041:ERROR:process_memory_win.cc(73)] ReadMemory at 0x7ff8b7dc0000 of 64 bytes failed: Only part of a ReadProcessMemory or WriteProcessMemory request was completed. (0x12B)
[1114/002935.041:WARNING:pe_image_reader.cc(340)] could not read dos header from C:\Windows\System32\windows.storage.dll
[1114/002935.042:ERROR:process_memory_win.cc(73)] ReadMemory at 0x7ff8b72e0000 of 64 bytes failed: Only part of a ReadProcessMemory or WriteProcessMemory request was completed. (0x12B)
[1114/002935.042:WARNING:pe_image_reader.cc(340)] could not read dos header from C:\Windows\System32\powrprof.dll
[1114/002935.042:ERROR:process_memory_win.cc(73)] ReadMemory at 0x7ff8b9610000 of 64 bytes failed: Only part of a ReadProcessMemory or WriteProcessMemory request was completed. (0x12B)
[1114/002935.042:WARNING:pe_image_reader.cc(340)] could not read dos header from C:\Windows\System32\shlwapi.dll
[1114/002935.042:ERROR:process_memory_win.cc(73)] ReadMemory at 0x7ff8b77a0000 of 64 bytes failed: Only part of a ReadProcessMemory or WriteProcessMemory request was completed. (0x12B)
[1114/002935.042:WARNING:pe_image_reader.cc(340)] could not read dos header from C:\Windows\System32\cryptsp.dll
[1114/002935.042:ERROR:process_memory_win.cc(73)] ReadMemory at 0x7ff8b6d20000 of 64 bytes failed: Only part of a ReadProcessMemory or WriteProcessMemory request was completed. (0x12B)
[1114/002935.042:WARNING:pe_image_reader.cc(340)] could not read dos header from C:\Windows\SYSTEM32\CRYPTBASE.DLL
[1114/002935.064:ERROR:process_memory_win.cc(73)] ReadMemory at 0x100bf8000 of 32768 bytes failed: Only part of a ReadProcessMemory or WriteProcessMemory request was completed. (0x12B)
[1114/002935.064:ERROR:process_memory_win.cc(73)] ReadMemory at 0x1013fd000 of 12288 bytes failed: Only part of a ReadProcessMemory or WriteProcessMemory request was completed. (0x12B)
[1114/002935.064:ERROR:process_memory_win.cc(73)] ReadMemory at 0x101bfc000 of 16384 bytes failed: Only part of a ReadProcessMemory or WriteProcessMemory request was completed. (0x12B)
[1114/002935.064:ERROR:process_memory_win.cc(73)] ReadMemory at 0x1023fd000 of 12288 bytes failed: Only part of a ReadProcessMemory or WriteProcessMemory request was completed. (0x12B)
[1114/002935.064:ERROR:process_memory_win.cc(73)] ReadMemory at 0x102bfc000 of 16384 bytes failed: Only part of a ReadProcessMemory or WriteProcessMemory request was completed. (0x12B)
[1114/002935.065:ERROR:process_memory_win.cc(73)] ReadMemory at 0x1033fe000 of 8192 bytes failed: Only part of a ReadProcessMemory or WriteProcessMemory request was completed. (0x12B)
[1114/002935.065:ERROR:process_memory_win.cc(73)] ReadMemory at 0x103bfd000 of 12288 bytes failed: Only part of a ReadProcessMemory or WriteProcessMemory request was completed. (0x12B)
[1114/002935.065:ERROR:process_memory_win.cc(73)] ReadMemory at 0x1043fb000 of 20480 bytes failed: Only part of a ReadProcessMemory or WriteProcessMemory request was completed. (0x12B)
[1114/002935.065:ERROR:process_memory_win.cc(73)] ReadMemory at 0x104bfd000 of 12288 bytes failed: Only part of a ReadProcessMemory or WriteProcessMemory request was completed. (0x12B)
[1114/002935.065:ERROR:process_memory_win.cc(73)] ReadMemory at 0x1053fd000 of 12288 bytes failed: Only part of a ReadProcessMemory or WriteProcessMemory request was completed. (0x12B)
[1114/002935.065:ERROR:process_memory_win.cc(73)] ReadMemory at 0x105bfd000 of 12288 bytes failed: Only part of a ReadProcessMemory or WriteProcessMemory request was completed. (0x12B)
[1114/002935.065:ERROR:process_memory_win.cc(73)] ReadMemory at 0x1063fd000 of 12288 bytes failed: Only part of a ReadProcessMemory or WriteProcessMemory request was completed. (0x12B)
[1114/002935.066:ERROR:process_memory_win.cc(73)] ReadMemory at 0x106bfd000 of 12288 bytes failed: Only part of a ReadProcessMemory or WriteProcessMemory request was completed. (0x12B)
[1114/002935.066:ERROR:process_memory_win.cc(73)] ReadMemory at 0x1073ff000 of 4096 bytes failed: Only part of a ReadProcessMemory or WriteProcessMemory request was completed. (0x12B)
[1114/002935.066:ERROR:process_memory_win.cc(73)] ReadMemory at 0x100311000 of 852 bytes failed: Only part of a ReadProcessMemory or WriteProcessMemory request was completed. (0x12B)
[1114/002935.066:ERROR:process_memory_win.cc(73)] ReadMemory at 0x100312000 of 6024 bytes failed: Only part of a ReadProcessMemory or WriteProcessMemory request was completed. (0x12B)
[1114/002935.066:ERROR:process_memory_win.cc(73)] ReadMemory at 0x100314000 of 6024 bytes failed: Only part of a ReadProcessMemory or WriteProcessMemory request was completed. (0x12B)
[1114/002935.066:ERROR:process_memory_win.cc(73)] ReadMemory at 0x100316000 of 6024 bytes failed: Only part of a ReadProcessMemory or WriteProcessMemory request was completed. (0x12B)
[1114/002935.066:ERROR:process_memory_win.cc(73)] ReadMemory at 0x100318000 of 6024 bytes failed: Only part of a ReadProcessMemory or WriteProcessMemory request was completed. (0x12B)
[1114/002935.067:ERROR:process_memory_win.cc(73)] ReadMemory at 0x10031a000 of 6024 bytes failed: Only part of a ReadProcessMemory or WriteProcessMemory request was completed. (0x12B)
[1114/002935.067:ERROR:process_memory_win.cc(73)] ReadMemory at 0x10031c000 of 6024 bytes failed: Only part of a ReadProcessMemory or WriteProcessMemory request was completed. (0x12B)
[1114/002935.067:ERROR:process_memory_win.cc(73)] ReadMemory at 0x10031e000 of 6024 bytes failed: Only part of a ReadProcessMemory or WriteProcessMemory request was completed. (0x12B)
[1114/002935.067:ERROR:process_memory_win.cc(73)] ReadMemory at 0x100320000 of 6024 bytes failed: Only part of a ReadProcessMemory or WriteProcessMemory request was completed. (0x12B)
[1114/002935.067:ERROR:process_memory_win.cc(73)] ReadMemory at 0x100322000 of 6024 bytes failed: Only part of a ReadProcessMemory or WriteProcessMemory request was completed. (0x12B)
[1114/002935.067:ERROR:process_memory_win.cc(73)] ReadMemory at 0x100324000 of 6024 bytes failed: Only part of a ReadProcessMemory or WriteProcessMemory request was completed. (0x12B)
[1114/002935.067:ERROR:process_memory_win.cc(73)] ReadMemory at 0x100326000 of 6024 bytes failed: Only part of a ReadProcessMemory or WriteProcessMemory request was completed. (0x12B)
[1114/002935.068:ERROR:process_memory_win.cc(73)] ReadMemory at 0x100328000 of 6024 bytes failed: Only part of a ReadProcessMemory or WriteProcessMemory request was completed. (0x12B)
[1114/002935.068:ERROR:process_memory_win.cc(73)] ReadMemory at 0x10032c000 of 6024 bytes failed: Only part of a ReadProcessMemory or WriteProcessMemory request was completed. (0x12B)
[1114/002935.068:ERROR:process_memory_win.cc(73)] ReadMemory at 0x10032e000 of 6024 bytes failed: Only part of a ReadProcessMemory or WriteProcessMemory request was completed. (0x12B)
[1114/002935.068:ERROR:process_memory_win.cc(73)] ReadMemory at 0x16280272930 of 512 bytes failed: Only part of a ReadProcessMemory or WriteProcessMemory request was completed. (0x12B)
[1114/002935.068:ERROR:process_memory_win.cc(73)] ReadMemory at 0x16280277cd0 of 896 bytes failed: Only part of a ReadProcessMemory or WriteProcessMemory request was completed. (0x12B)
[1114/002935.068:ERROR:process_memory_win.cc(73)] ReadMemory at 0x16280279930 of 512 bytes failed: Only part of a ReadProcessMemory or WriteProcessMemory request was completed. (0x12B)
[1114/002935.068:ERROR:process_memory_win.cc(73)] ReadMemory at 0x16280290e80 of 712 bytes failed: Only part of a ReadProcessMemory or WriteProcessMemory request was completed. (0x12B)
[1114/002935.068:ERROR:process_memory_win.cc(73)] ReadMemory at 0x162802a58a8 of 512 bytes failed: Only part of a ReadProcessMemory or WriteProcessMemory request was completed. (0x12B)
[1114/002935.068:ERROR:process_memory_win.cc(73)] ReadMemory at 0x16283840788 of 512 bytes failed: Only part of a ReadProcessMemory or WriteProcessMemory request was completed. (0x12B)
[1114/002935.068:ERROR:process_memory_win.cc(73)] ReadMemory at 0x16283840d28 of 512 bytes failed: Only part of a ReadProcessMemory or WriteProcessMemory request was completed. (0x12B)
[1114/002935.069:ERROR:process_memory_win.cc(73)] ReadMemory at 0x162838dab18 of 512 bytes failed: Only part of a ReadProcessMemory or WriteProcessMemory request was completed. (0x12B)
[1114/002935.069:ERROR:process_memory_win.cc(73)] ReadMemory at 0x1628390d560 of 512 bytes failed: Only part of a ReadProcessMemory or WriteProcessMemory request was completed. (0x12B)
[1114/002935.069:ERROR:process_memory_win.cc(73)] ReadMemory at 0x1628392ceb0 of 512 bytes failed: Only part of a ReadProcessMemory or WriteProcessMemory request was completed. (0x12B)
[1114/002935.069:ERROR:process_memory_win.cc(73)] ReadMemory at 0x162839c8270 of 512 bytes failed: Only part of a ReadProcessMemory or WriteProcessMemory request was completed. (0x12B)
[1114/002935.069:ERROR:process_memory_win.cc(73)] ReadMemory at 0x162839e0000 of 384 bytes failed: Only part of a ReadProcessMemory or WriteProcessMemory request was completed. (0x12B)
[1114/002935.069:ERROR:process_memory_win.cc(73)] ReadMemory at 0x16283d7c4d0 of 512 bytes failed: Only part of a ReadProcessMemory or WriteProcessMemory request was completed. (0x12B)
[1114/002935.070:ERROR:process_memory_win.cc(73)] ReadMemory at 0x162c2c60fe0 of 6404 bytes failed: Only part of a ReadProcessMemory or WriteProcessMemory request was completed. (0x12B)
[1114/002935.070:ERROR:process_memory_win.cc(73)] ReadMemory at 0x162c2c628f0 of 1012 bytes failed: Only part of a ReadProcessMemory or WriteProcessMemory request was completed. (0x12B)
[1114/002935.070:ERROR:process_memory_win.cc(73)] ReadMemory at 0x162c2c62f18 of 118 bytes failed: Only part of a ReadProcessMemory or WriteProcessMemory request was completed. (0x12B)
[1114/002935.070:ERROR:process_memory_win.cc(73)] ReadMemory at 0x162c2c62f90 of 1322 bytes failed: Only part of a ReadProcessMemory or WriteProcessMemory request was completed. (0x12B)
[1114/002935.070:ERROR:process_memory_win.cc(73)] ReadMemory at 0x162c2c634bc of 118 bytes failed: Only part of a ReadProcessMemory or WriteProcessMemory request was completed. (0x12B)
[1114/002935.070:ERROR:process_memory_win.cc(73)] ReadMemory at 0x162c2c63534 of 96 bytes failed: Only part of a ReadProcessMemory or WriteProcessMemory request was completed. (0x12B)
[1114/002935.070:ERROR:process_memory_win.cc(73)] ReadMemory at 0x162c2c635a0 of 58 bytes failed: Only part of a ReadProcessMemory or WriteProcessMemory request was completed. (0x12B)
[1114/002935.070:ERROR:process_memory_win.cc(73)] ReadMemory at 0x162c2c636a0 of 132 bytes failed: Only part of a ReadProcessMemory or WriteProcessMemory request was completed. (0x12B)
[1114/002935.070:ERROR:process_memory_win.cc(73)] ReadMemory at 0x162c2c63830 of 132 bytes failed: Only part of a ReadProcessMemory or WriteProcessMemory request was completed. (0x12B)
[1114/002935.070:ERROR:process_memory_win.cc(73)] ReadMemory at 0x162c2c639f0 of 126 bytes failed: Only part of a ReadProcessMemory or WriteProcessMemory request was completed. (0x12B)
[1114/002935.071:ERROR:process_memory_win.cc(73)] ReadMemory at 0x162c2c63dd0 of 132 bytes failed: Only part of a ReadProcessMemory or WriteProcessMemory request was completed. (0x12B)
[1114/002935.071:ERROR:process_memory_win.cc(73)] ReadMemory at 0x162c2c63f60 of 64 bytes failed: Only part of a ReadProcessMemory or WriteProcessMemory request was completed. (0x12B)
[1114/002935.071:ERROR:process_memory_win.cc(73)] ReadMemory at 0x162c2c63fb0 of 132 bytes failed: Only part of a ReadProcessMemory or WriteProcessMemory request was completed. (0x12B)
[1114/002935.071:ERROR:process_memory_win.cc(73)] ReadMemory at 0x162c2c64120 of 132 bytes failed: Only part of a ReadProcessMemory or WriteProcessMemory request was completed. (0x12B)
[1114/002935.071:ERROR:process_memory_win.cc(73)] ReadMemory at 0x162c2c643c0 of 132 bytes failed: Only part of a ReadProcessMemory or WriteProcessMemory request was completed. (0x12B)
[1114/002935.071:ERROR:process_memory_win.cc(73)] ReadMemory at 0x162c2c64550 of 68 bytes failed: Only part of a ReadProcessMemory or WriteProcessMemory request was completed. (0x12B)
[1114/002935.071:ERROR:process_memory_win.cc(73)] ReadMemory at 0x162c2c65540 of 158 bytes failed: Only part of a ReadProcessMemory or WriteProcessMemory request was completed. (0x12B)
[1114/002935.071:ERROR:process_memory_win.cc(73)] ReadMemory at 0x162c2c65620 of 132 bytes failed: Only part of a ReadProcessMemory or WriteProcessMemory request was completed. (0x12B)
[1114/002935.071:ERROR:process_memory_win.cc(73)] ReadMemory at 0x162c2c657b0 of 154 bytes failed: Only part of a ReadProcessMemory or WriteProcessMemory request was completed. (0x12B)
[1114/002935.071:ERROR:process_memory_win.cc(73)] ReadMemory at 0x162c2c665a0 of 62 bytes failed: Only part of a ReadProcessMemory or WriteProcessMemory request was completed. (0x12B)
[1114/002935.071:ERROR:process_memory_win.cc(73)] ReadMemory at 0x162c2c665f0 of 132 bytes failed: Only part of a ReadProcessMemory or WriteProcessMemory request was completed. (0x12B)
[1114/002935.072:ERROR:process_memory_win.cc(73)] ReadMemory at 0x162c2c66790 of 132 bytes failed: Only part of a ReadProcessMemory or WriteProcessMemory request was completed. (0x12B)
[1114/002935.072:ERROR:process_memory_win.cc(73)] ReadMemory at 0x162c2c668c0 of 60 bytes failed: Only part of a ReadProcessMemory or WriteProcessMemory request was completed. (0x12B)
[1114/002935.072:ERROR:process_memory_win.cc(73)] ReadMemory at 0x162c2c66b90 of 132 bytes failed: Only part of a ReadProcessMemory or WriteProcessMemory request was completed. (0x12B)
[1114/002935.072:ERROR:process_memory_win.cc(73)] ReadMemory at 0x162c2c683bc of 512 bytes failed: Only part of a ReadProcessMemory or WriteProcessMemory request was completed. (0x12B)
[1114/002935.072:ERROR:process_memory_win.cc(73)] ReadMemory at 0x162c2c688b0 of 132 bytes failed: Only part of a ReadProcessMemory or WriteProcessMemory request was completed. (0x12B)
[1114/002935.072:ERROR:process_memory_win.cc(73)] ReadMemory at 0x162c2c68b90 of 132 bytes failed: Only part of a ReadProcessMemory or WriteProcessMemory request was completed. (0x12B)
[1114/002935.072:ERROR:process_memory_win.cc(73)] ReadMemory at 0x162c2c6b2d0 of 132 bytes failed: Only part of a ReadProcessMemory or WriteProcessMemory request was completed. (0x12B)
[1114/002935.072:ERROR:process_memory_win.cc(73)] ReadMemory at 0x162c2c6b400 of 132 bytes failed: Only part of a ReadProcessMemory or WriteProcessMemory request was completed. (0x12B)
[1114/002935.072:ERROR:process_memory_win.cc(73)] ReadMemory at 0x162c2c6b590 of 80 bytes failed: Only part of a ReadProcessMemory or WriteProcessMemory request was completed. (0x12B)
[1114/002935.072:ERROR:process_memory_win.cc(73)] ReadMemory at 0x162c2c6b730 of 60 bytes failed: Only part of a ReadProcessMemory or WriteProcessMemory request was completed. (0x12B)
[1114/002935.072:ERROR:process_memory_win.cc(73)] ReadMemory at 0x162c2c6b780 of 58 bytes failed: Only part of a ReadProcessMemory or WriteProcessMemory request was completed. (0x12B)
[1114/002935.073:ERROR:process_memory_win.cc(73)] ReadMemory at 0x162c2c6b9b0 of 64 bytes failed: Only part of a ReadProcessMemory or WriteProcessMemory request was completed. (0x12B)
[1114/002935.073:ERROR:process_memory_win.cc(73)] ReadMemory at 0x162c2c6bbe0 of 62 bytes failed: Only part of a ReadProcessMemory or WriteProcessMemory request was completed. (0x12B)
[1114/002935.073:ERROR:process_memory_win.cc(73)] ReadMemory at 0x162c2c6bc30 of 64 bytes failed: Only part of a ReadProcessMemory or WriteProcessMemory request was completed. (0x12B)
[1114/002935.073:ERROR:process_memory_win.cc(73)] ReadMemory at 0x162c2c6bc80 of 60 bytes failed: Only part of a ReadProcessMemory or WriteProcessMemory request was completed. (0x12B)
[1114/002935.073:ERROR:process_memory_win.cc(73)] ReadMemory at 0x162c2c6bcd0 of 64 bytes failed: Only part of a ReadProcessMemory or WriteProcessMemory request was completed. (0x12B)
[1114/002935.073:ERROR:process_memory_win.cc(73)] ReadMemory at 0x162c2c6bd20 of 66 bytes failed: Only part of a ReadProcessMemory or WriteProcessMemory request was completed. (0x12B)
[1114/002935.073:ERROR:process_memory_win.cc(73)] ReadMemory at 0x162c2c6be60 of 62 bytes failed: Only part of a ReadProcessMemory or WriteProcessMemory request was completed. (0x12B)
[1114/002935.073:ERROR:process_memory_win.cc(73)] ReadMemory at 0x162c2c6c340 of 132 bytes failed: Only part of a ReadProcessMemory or WriteProcessMemory request was completed. (0x12B)
[1114/002935.073:ERROR:process_memory_win.cc(73)] ReadMemory at 0x162c2c6c470 of 132 bytes failed: Only part of a ReadProcessMemory or WriteProcessMemory request was completed. (0x12B)
[1114/002935.073:ERROR:process_memory_win.cc(73)] ReadMemory at 0x162c2c6c5a0 of 132 bytes failed: Only part of a ReadProcessMemory or WriteProcessMemory request was completed. (0x12B)
[1114/002935.073:ERROR:process_memory_win.cc(73)] ReadMemory at 0x162c2c6c6d0 of 132 bytes failed: Only part of a ReadProcessMemory or WriteProcessMemory request was completed. (0x12B)
[1114/002935.074:ERROR:process_memory_win.cc(73)] ReadMemory at 0x162c2c6c800 of 132 bytes failed: Only part of a ReadProcessMemory or WriteProcessMemory request was completed. (0x12B)
[1114/002935.074:ERROR:process_memory_win.cc(73)] ReadMemory at 0x162c2c6c930 of 132 bytes failed: Only part of a ReadProcessMemory or WriteProcessMemory request was completed. (0x12B)
[1114/002935.074:ERROR:process_memory_win.cc(73)] ReadMemory at 0x162c2c6ca60 of 132 bytes failed: Only part of a ReadProcessMemory or WriteProcessMemory request was completed. (0x12B)
[1114/002935.074:ERROR:process_memory_win.cc(73)] ReadMemory at 0x162c2c6cb90 of 132 bytes failed: Only part of a ReadProcessMemory or WriteProcessMemory request was completed. (0x12B)
[1114/002935.074:ERROR:process_memory_win.cc(73)] ReadMemory at 0x162c2c6ccc0 of 132 bytes failed: Only part of a ReadProcessMemory or WriteProcessMemory request was completed. (0x12B)
[1114/002935.074:ERROR:process_memory_win.cc(73)] ReadMemory at 0x162c2c6cf20 of 132 bytes failed: Only part of a ReadProcessMemory or WriteProcessMemory request was completed. (0x12B)
[1114/002935.074:ERROR:process_memory_win.cc(73)] ReadMemory at 0x162c2c6d050 of 132 bytes failed: Only part of a ReadProcessMemory or WriteProcessMemory request was completed. (0x12B)
[1114/002935.074:ERROR:process_memory_win.cc(73)] ReadMemory at 0x162c2c6d180 of 132 bytes failed: Only part of a ReadProcessMemory or WriteProcessMemory request was completed. (0x12B)
[1114/002935.074:ERROR:process_memory_win.cc(73)] ReadMemory at 0x162c2c6d9b0 of 76 bytes failed: Only part of a ReadProcessMemory or WriteProcessMemory request was completed. (0x12B)
[1114/002935.074:ERROR:process_memory_win.cc(73)] ReadMemory at 0x162c2c6dcb0 of 78 bytes failed: Only part of a ReadProcessMemory or WriteProcessMemory request was completed. (0x12B)
[1114/002935.074:ERROR:process_memory_win.cc(73)] ReadMemory at 0x162c2c711f0 of 132 bytes failed: Only part of a ReadProcessMemory or WriteProcessMemory request was completed. (0x12B)
[1114/002935.075:ERROR:process_memory_win.cc(73)] ReadMemory at 0x162c2c723c0 of 132 bytes failed: Only part of a ReadProcessMemory or WriteProcessMemory request was completed. (0x12B)
[1114/002935.075:ERROR:process_memory_win.cc(73)] ReadMemory at 0x162c2c75d30 of 54 bytes failed: Only part of a ReadProcessMemory or WriteProcessMemory request was completed. (0x12B)
[1114/002935.075:ERROR:process_memory_win.cc(73)] ReadMemory at 0x162c2c76dc0 of 132 bytes failed: Only part of a ReadProcessMemory or WriteProcessMemory request was completed. (0x12B)
[1114/002935.075:ERROR:process_memory_win.cc(73)] ReadMemory at 0x162c2c77020 of 64 bytes failed: Only part of a ReadProcessMemory or WriteProcessMemory request was completed. (0x12B)
[1114/002935.075:ERROR:process_memory_win.cc(73)] ReadMemory at 0x162c2c77110 of 60 bytes failed: Only part of a ReadProcessMemory or WriteProcessMemory request was completed. (0x12B)
[1114/002935.075:ERROR:process_memory_win.cc(73)] ReadMemory at 0x162c2c771b0 of 62 bytes failed: Only part of a ReadProcessMemory or WriteProcessMemory request was completed. (0x12B)
[1114/002935.075:ERROR:process_memory_win.cc(73)] ReadMemory at 0x162c2c77200 of 62 bytes failed: Only part of a ReadProcessMemory or WriteProcessMemory request was completed. (0x12B)
[1114/002935.075:ERROR:process_memory_win.cc(73)] ReadMemory at 0x162c2c77250 of 60 bytes failed: Only part of a ReadProcessMemory or WriteProcessMemory request was completed. (0x12B)
[1114/002935.075:ERROR:process_memory_win.cc(73)] ReadMemory at 0x162c2c772a0 of 62 bytes failed: Only part of a ReadProcessMemory or WriteProcessMemory request was completed. (0x12B)
[1114/002935.075:ERROR:process_memory_win.cc(73)] ReadMemory at 0x162c2c772f0 of 58 bytes failed: Only part of a ReadProcessMemory or WriteProcessMemory request was completed. (0x12B)
[1114/002935.076:ERROR:process_memory_win.cc(73)] ReadMemory at 0x162c2c77340 of 64 bytes failed: Only part of a ReadProcessMemory or WriteProcessMemory request was completed. (0x12B)
[1114/002935.076:ERROR:process_memory_win.cc(73)] ReadMemory at 0x162c2c77480 of 62 bytes failed: Only part of a ReadProcessMemory or WriteProcessMemory request was completed. (0x12B)
[1114/002935.076:ERROR:process_memory_win.cc(73)] ReadMemory at 0x162c2c776b0 of 60 bytes failed: Only part of a ReadProcessMemory or WriteProcessMemory request was completed. (0x12B)
[1114/002935.076:ERROR:process_memory_win.cc(73)] ReadMemory at 0x162c2c77750 of 66 bytes failed: Only part of a ReadProcessMemory or WriteProcessMemory request was completed. (0x12B)
[1114/002935.076:ERROR:process_memory_win.cc(73)] ReadMemory at 0x162c2c777a0 of 64 bytes failed: Only part of a ReadProcessMemory or WriteProcessMemory request was completed. (0x12B)
[1114/002935.076:ERROR:process_memory_win.cc(73)] ReadMemory at 0x162c2c77840 of 60 bytes failed: Only part of a ReadProcessMemory or WriteProcessMemory request was completed. (0x12B)
[1114/002935.076:ERROR:process_memory_win.cc(73)] ReadMemory at 0x162c2c779d0 of 58 bytes failed: Only part of a ReadProcessMemory or WriteProcessMemory request was completed. (0x12B)
[1114/002935.076:ERROR:process_memory_win.cc(73)] ReadMemory at 0x162c2c77b60 of 60 bytes failed: Only part of a ReadProcessMemory or WriteProcessMemory request was completed. (0x12B)
[1114/002935.076:ERROR:process_memory_win.cc(73)] ReadMemory at 0x162c2c77bb0 of 62 bytes failed: Only part of a ReadProcessMemory or WriteProcessMemory request was completed. (0x12B)
[1114/002935.076:ERROR:process_memory_win.cc(73)] ReadMemory at 0x162c2c77c50 of 66 bytes failed: Only part of a ReadProcessMemory or WriteProcessMemory request was completed. (0x12B)
[1114/002935.077:ERROR:process_memory_win.cc(73)] ReadMemory at 0x162c2c77cf0 of 64 bytes failed: Only part of a ReadProcessMemory or WriteProcessMemory request was completed. (0x12B)
[1114/002935.077:ERROR:process_memory_win.cc(73)] ReadMemory at 0x162c2c77d40 of 62 bytes failed: Only part of a ReadProcessMemory or WriteProcessMemory request was completed. (0x12B)
[1114/002935.077:ERROR:process_memory_win.cc(73)] ReadMemory at 0x162c2c77d90 of 60 bytes failed: Only part of a ReadProcessMemory or WriteProcessMemory request was completed. (0x12B)
[1114/002935.077:ERROR:process_memory_win.cc(73)] ReadMemory at 0x162c2c77de0 of 62 bytes failed: Only part of a ReadProcessMemory or WriteProcessMemory request was completed. (0x12B)
[1114/002935.077:ERROR:process_memory_win.cc(73)] ReadMemory at 0x162c2c77e80 of 62 bytes failed: Only part of a ReadProcessMemory or WriteProcessMemory request was completed. (0x12B)
[1114/002935.077:ERROR:process_memory_win.cc(73)] ReadMemory at 0x162c2c77f20 of 64 bytes failed: Only part of a ReadProcessMemory or WriteProcessMemory request was completed. (0x12B)
[1114/002935.077:ERROR:process_memory_win.cc(73)] ReadMemory at 0x162c2c78030 of 132 bytes failed: Only part of a ReadProcessMemory or WriteProcessMemory request was completed. (0x12B)
[1114/002935.077:ERROR:process_memory_win.cc(73)] ReadMemory at 0x162c2c78160 of 132 bytes failed: Only part of a ReadProcessMemory or WriteProcessMemory request was completed. (0x12B)
[1114/002935.078:ERROR:process_memory_win.cc(73)] ReadMemory at 0x162c2c78290 of 132 bytes failed: Only part of a ReadProcessMemory or WriteProcessMemory request was completed. (0x12B)
[1114/002935.078:ERROR:process_memory_win.cc(73)] ReadMemory at 0x162c2c783c0 of 132 bytes failed: Only part of a ReadProcessMemory or WriteProcessMemory request was completed. (0x12B)
[1114/002935.078:ERROR:process_memory_win.cc(73)] ReadMemory at 0x162c2c784f0 of 132 bytes failed: Only part of a ReadProcessMemory or WriteProcessMemory request was completed. (0x12B)
[1114/002935.078:ERROR:process_memory_win.cc(73)] ReadMemory at 0x162c2c78620 of 132 bytes failed: Only part of a ReadProcessMemory or WriteProcessMemory request was completed. (0x12B)
[1114/002935.078:ERROR:process_memory_win.cc(73)] ReadMemory at 0x162c2c78750 of 132 bytes failed: Only part of a ReadProcessMemory or WriteProcessMemory request was completed. (0x12B)
[1114/002935.078:ERROR:process_memory_win.cc(73)] ReadMemory at 0x162c2c78880 of 132 bytes failed: Only part of a ReadProcessMemory or WriteProcessMemory request was completed. (0x12B)
[1114/002935.078:ERROR:process_memory_win.cc(73)] ReadMemory at 0x162c2c78ae0 of 132 bytes failed: Only part of a ReadProcessMemory or WriteProcessMemory request was completed. (0x12B)
[1114/002935.079:ERROR:process_memory_win.cc(73)] ReadMemory at 0x162c2c78c10 of 132 bytes failed: Only part of a ReadProcessMemory or WriteProcessMemory request was completed. (0x12B)
[1114/002935.079:ERROR:process_memory_win.cc(73)] ReadMemory at 0x162c2c78d40 of 132 bytes failed: Only part of a ReadProcessMemory or WriteProcessMemory request was completed. (0x12B)
[1114/002935.079:ERROR:process_memory_win.cc(73)] ReadMemory at 0x162c2c78e70 of 132 bytes failed: Only part of a ReadProcessMemory or WriteProcessMemory request was completed. (0x12B)
[1114/002935.079:ERROR:process_memory_win.cc(73)] ReadMemory at 0x162c2c790d0 of 132 bytes failed: Only part of a ReadProcessMemory or WriteProcessMemory request was completed. (0x12B)
[1114/002935.079:ERROR:process_memory_win.cc(73)] ReadMemory at 0x162c2c79200 of 132 bytes failed: Only part of a ReadProcessMemory or WriteProcessMemory request was completed. (0x12B)
[1114/002935.079:ERROR:process_memory_win.cc(73)] ReadMemory at 0x162c2c79330 of 132 bytes failed: Only part of a ReadProcessMemory or WriteProcessMemory request was completed. (0x12B)
[1114/002935.080:ERROR:process_memory_win.cc(73)] ReadMemory at 0x162c2c79460 of 132 bytes failed: Only part of a ReadProcessMemory or WriteProcessMemory request was completed. (0x12B)
[1114/002935.080:ERROR:process_memory_win.cc(73)] ReadMemory at 0x162c2c797f0 of 132 bytes failed: Only part of a ReadProcessMemory or WriteProcessMemory request was completed. (0x12B)
[1114/002935.080:ERROR:process_memory_win.cc(73)] ReadMemory at 0x162c2c79b80 of 132 bytes failed: Only part of a ReadProcessMemory or WriteProcessMemory request was completed. (0x12B)
[1114/002935.080:ERROR:process_memory_win.cc(73)] ReadMemory at 0x162c2c79cb0 of 132 bytes failed: Only part of a ReadProcessMemory or WriteProcessMemory request was completed. (0x12B)
[1114/002935.080:ERROR:process_memory_win.cc(73)] ReadMemory at 0x162c2c85430 of 62 bytes failed: Only part of a ReadProcessMemory or WriteProcessMemory request was completed. (0x12B)
[1114/002935.080:ERROR:process_memory_win.cc(73)] ReadMemory at 0x162c2c85930 of 64 bytes failed: Only part of a ReadProcessMemory or WriteProcessMemory request was completed. (0x12B)
[1114/002935.080:ERROR:process_memory_win.cc(73)] ReadMemory at 0x162c2c85bb0 of 62 bytes failed: Only part of a ReadProcessMemory or WriteProcessMemory request was completed. (0x12B)
[1114/002935.080:ERROR:process_memory_win.cc(73)] ReadMemory at 0x162c2c85e30 of 62 bytes failed: Only part of a ReadProcessMemory or WriteProcessMemory request was completed. (0x12B)
[1114/002935.080:ERROR:process_memory_win.cc(73)] ReadMemory at 0x162c2c95c70 of 512 bytes failed: Only part of a ReadProcessMemory or WriteProcessMemory request was completed. (0x12B)
[1114/002935.080:ERROR:process_memory_win.cc(73)] ReadMemory at 0x162c2c97910 of 512 bytes failed: Only part of a ReadProcessMemory or WriteProcessMemory request was completed. (0x12B)
[1114/002935.081:ERROR:process_memory_win.cc(73)] ReadMemory at 0x1eb607a449b0 of 512 bytes failed: Only part of a ReadProcessMemory or WriteProcessMemory request was completed. (0x12B)
[1114/002935.081:ERROR:process_memory_win.cc(73)] ReadMemory at 0x7ff862c76ad0 of 652 bytes failed: Only part of a ReadProcessMemory or WriteProcessMemory request was completed. (0x12B)
[1114/002935.081:ERROR:process_memory_win.cc(73)] ReadMemory at 0x7ff863a8a27b of 512 bytes failed: Only part of a ReadProcessMemory or WriteProcessMemory request was completed. (0x12B)
[1114/002935.081:ERROR:process_memory_win.cc(73)] ReadMemory at 0x7ff8657b1b2a of 512 bytes failed: Only part of a ReadProcessMemory or WriteProcessMemory request was completed. (0x12B)
[1114/002935.081:ERROR:process_memory_win.cc(73)] ReadMemory at 0x7ff89edb9844 of 512 bytes failed: Only part of a ReadProcessMemory or WriteProcessMemory request was completed. (0x12B)
[1114/002935.081:ERROR:process_memory_win.cc(73)] ReadMemory at 0x7ff8b97c21f0 of 512 bytes failed: Only part of a ReadProcessMemory or WriteProcessMemory request was completed. (0x12B)
[1114/002935.081:ERROR:process_memory_win.cc(73)] ReadMemory at 0x7ff8bb33ff00 of 512 bytes failed: Only part of a ReadProcessMemory or WriteProcessMemory request was completed. (0x12B)
[1114/002935.081:ERROR:process_memory_win.cc(73)] ReadMemory at 0x7ff8bb35a1d0 of 512 bytes failed: Only part of a ReadProcessMemory or WriteProcessMemory request was completed. (0x12B)
[1114/002935.081:ERROR:process_memory_win.cc(73)] ReadMemory at 0x7ff8bb38f764 of 832 bytes failed: Only part of a ReadProcessMemory or WriteProcessMemory request was completed. (0x12B)
[1114/002935.082:ERROR:process_memory_win.cc(73)] ReadMemory at 0x7ff8bb392ff4 of 608 bytes failed: Only part of a ReadProcessMemory or WriteProcessMemory request was completed. (0x12B)
[1114/002935.082:ERROR:process_memory_win.cc(73)] ReadMemory at 0x7ff8bb41c0c8 of 18 bytes failed: Only part of a ReadProcessMemory or WriteProcessMemory request was completed. (0x12B)
[1114/002935.082:ERROR:process_memory_win.cc(73)] ReadMemory at 0x7ff8bb44f4f8 of 40 bytes failed: Only part of a ReadProcessMemory or WriteProcessMemory request was completed. (0x12B)
[1114/002935.082:ERROR:process_memory_win.cc(73)] ReadMemory at 0x7ff8bb44f978 of 48 bytes failed: Only part of a ReadProcessMemory or WriteProcessMemory request was completed. (0x12B)
[1114/002935.082:ERROR:process_memory_win.cc(73)] ReadMemory at 0x7ff8bb4553c0 of 64 bytes failed: Only part of a ReadProcessMemory or WriteProcessMemory request was completed. (0x12B)
[1114/002935.085:ERROR:scoped_process_suspend.cc(40)] NtResumeProcess: An attempt was made to access an exiting process. (0xc000010a)
[1118/124001.164:ERROR:prune_crash_reports.cc(34)] PruneCrashReportDatabase: Failed to get pending reports
[1119/124000.853:ERROR:prune_crash_reports.cc(34)] PruneCrashReportDatabase: Failed to get pending reports
